TN:
SF:src/controllers/index.controller.ts
FN:4,IndexController
FN:5,IndexController.get
FN:14,applyRoutes
FNF:3
FNH:3
FNDA:1,IndexController
FNDA:1,IndexController.get
FNDA:1,applyRoutes
DA:1,1
DA:2,1
DA:3,1
DA:4,1
DA:5,1
DA:6,2
DA:7,2
DA:8,2
DA:9,2
DA:10,0
DA:11,0
DA:12,1
DA:13,1
DA:14,1
DA:15,1
DA:16,1
DA:17,1
DA:18,1
DA:19,1
LF:19
LH:17
BRDA:4,0,0,1
BRDA:5,1,0,1
BRDA:5,2,0,2
BRDA:9,3,0,1
BRDA:9,4,0,0
BRDA:14,5,0,1
BRF:6
BRH:5
end_of_record
TN:
SF:src/server/application.ts
FN:7,Application
FN:11,bootstrap
FN:13,controller.forEach.c
FN:16,shutdown
FNF:4
FNH:4
FNDA:1,Application
FNDA:1,bootstrap
FNDA:1,controller.forEach.c
FNDA:1,shutdown
DA:1,1
DA:2,1
DA:3,1
DA:4,1
DA:5,1
DA:6,1
DA:7,1
DA:8,1
DA:9,1
DA:10,1
DA:11,1
DA:12,1
DA:13,1
DA:14,1
DA:15,1
DA:16,1
DA:17,1
DA:18,1
DA:19,1
LF:19
LH:19
BRDA:7,0,0,1
BRDA:11,1,0,1
BRDA:13,2,0,1
BRDA:16,3,0,1
BRF:4
BRH:4
end_of_record
